<?xml version="1.0" encoding="UTF-8"?>
<coverage generated="1654515427299" clover="3.2.0">
  <project timestamp="1654515427299" name="All files">
    <metrics statements="23" coveredstatements="21" conditionals="8" coveredconditionals="6" methods="9" coveredmethods="9" elements="40" coveredelements="36" complexity="0" loc="23" ncloc="23" packages="1" files="2" classes="2"/>
    <file name="App.js" path="/Users/niket/CareerFoundry/projects/MeetUp/src/App.js">
      <metrics statements="17" coveredstatements="15" conditionals="8" coveredconditionals="6" methods="7" coveredmethods="7"/>
      <line num="11" count="5" type="stmt"/>
      <line num="19" count="5" type="stmt"/>
      <line num="20" count="5" type="stmt"/>
      <line num="21" count="5" type="cond" truecount="2" falsecount="0"/>
      <line num="22" count="3" type="stmt"/>
      <line num="27" count="4" type="stmt"/>
      <line num="30" count="5" type="stmt"/>
      <line num="31" count="2" type="cond" truecount="1" falsecount="1"/>
      <line num="32" count="2" type="stmt"/>
      <line num="33" count="0" type="stmt"/>
      <line num="36" count="2" type="cond" truecount="1" falsecount="1"/>
      <line num="37" count="0" type="stmt"/>
      <line num="39" count="2" type="stmt"/>
      <line num="40" count="2" type="stmt"/>
      <line num="41" count="2" type="cond" truecount="2" falsecount="0"/>
      <line num="42" count="2" type="stmt"/>
      <line num="50" count="10" type="stmt"/>
    </file>
    <file name="NumberOfEvents.js" path="/Users/niket/CareerFoundry/projects/MeetUp/src/NumberOfEvents.js">
      <metrics statements="6" coveredstatements="6" conditionals="0" coveredconditionals="0" methods="2" coveredmethods="2"/>
      <line num="4" count="5" type="stmt"/>
      <line num="8" count="5" type="stmt"/>
      <line num="9" count="1" type="stmt"/>
      <line num="10" count="1" type="stmt"/>
      <line num="13" count="1" type="stmt"/>
      <line num="17" count="12" type="stmt"/>
    </file>
  </project>
</coverage>
