{"/Users/niket/CareerFoundry/projects/MeetUp/src/App.js": {"path":"/Users/niket/CareerFoundry/projects/MeetUp/src/App.js","statementMap":{"0":{"start":{"line":9,"column":4},"end":{"line":15,"column":6}}},"fnMap":{"0":{"name":"(anonymous_0)","decl":{"start":{"line":8,"column":2},"end":{"line":8,"column":3}},"loc":{"start":{"line":8,"column":11},"end":{"line":16,"column":3}},"line":8}},"branchMap":{},"s":{"0":1},"f":{"0":1},"b":{},"_coverageSchema":"1a1c01bbd47fc00a2c39e90264f33305004495a9","hash":"7651ea161476c7a7ca1ad3c59a927f3d8a6b9116"}
,"/Users/niket/CareerFoundry/projects/MeetUp/src/CitySearch.js": {"path":"/Users/niket/CareerFoundry/projects/MeetUp/src/CitySearch.js","statementMap":{"0":{"start":{"line":4,"column":10},"end":{"line":7,"column":3}},"1":{"start":{"line":8,"column":23},"end":{"line":17,"column":3}},"2":{"start":{"line":9,"column":18},"end":{"line":9,"column":36}},"3":{"start":{"line":10,"column":24},"end":{"line":12,"column":6}},"4":{"start":{"line":11,"column":6},"end":{"line":11,"column":70}},"5":{"start":{"line":13,"column":4},"end":{"line":16,"column":7}},"6":{"start":{"line":18,"column":22},"end":{"line":22,"column":3}},"7":{"start":{"line":19,"column":4},"end":{"line":21,"column":7}},"8":{"start":{"line":24,"column":4},"end":{"line":36,"column":6}},"9":{"start":{"line":29,"column":12},"end":{"line":29,"column":101}},"10":{"start":{"line":29,"column":48},"end":{"line":29,"column":82}}},"fnMap":{"0":{"name":"(anonymous_0)","decl":{"start":{"line":8,"column":23},"end":{"line":8,"column":24}},"loc":{"start":{"line":8,"column":34},"end":{"line":17,"column":3}},"line":8},"1":{"name":"(anonymous_1)","decl":{"start":{"line":10,"column":52},"end":{"line":10,"column":53}},"loc":{"start":{"line":10,"column":66},"end":{"line":12,"column":5}},"line":10},"2":{"name":"(anonymous_2)","decl":{"start":{"line":18,"column":22},"end":{"line":18,"column":23}},"loc":{"start":{"line":18,"column":38},"end":{"line":22,"column":3}},"line":18},"3":{"name":"(anonymous_3)","decl":{"start":{"line":23,"column":2},"end":{"line":23,"column":3}},"loc":{"start":{"line":23,"column":11},"end":{"line":37,"column":3}},"line":23},"4":{"name":"(anonymous_4)","decl":{"start":{"line":28,"column":38},"end":{"line":28,"column":39}},"loc":{"start":{"line":29,"column":12},"end":{"line":29,"column":101}},"line":29},"5":{"name":"(anonymous_5)","decl":{"start":{"line":29,"column":42},"end":{"line":29,"column":43}},"loc":{"start":{"line":29,"column":48},"end":{"line":29,"column":82}},"line":29}},"branchMap":{},"s":{"0":1,"1":1,"2":2,"3":2,"4":4,"5":2,"6":1,"7":1,"8":8,"9":6,"10":1},"f":{"0":2,"1":4,"2":1,"3":8,"4":6,"5":1},"b":{},"_coverageSchema":"1a1c01bbd47fc00a2c39e90264f33305004495a9","hash":"097b03918bb77e652c6d237a80ce7c3610c8b8d4"}
,"/Users/niket/CareerFoundry/projects/MeetUp/src/Event.js": {"path":"/Users/niket/CareerFoundry/projects/MeetUp/src/Event.js","statementMap":{"0":{"start":{"line":4,"column":10},"end":{"line":6,"column":3}},"1":{"start":{"line":9,"column":22},"end":{"line":9,"column":32}},"2":{"start":{"line":10,"column":26},"end":{"line":10,"column":36}},"3":{"start":{"line":12,"column":4},"end":{"line":42,"column":6}}},"fnMap":{"0":{"name":"(anonymous_0)","decl":{"start":{"line":8,"column":2},"end":{"line":8,"column":3}},"loc":{"start":{"line":8,"column":11},"end":{"line":43,"column":3}},"line":8}},"branchMap":{"0":{"loc":{"start":{"line":23,"column":39},"end":{"line":23,"column":66}},"type":"cond-expr","locations":[{"start":{"line":23,"column":51},"end":{"line":23,"column":57}},{"start":{"line":23,"column":60},"end":{"line":23,"column":66}}],"line":23},"1":{"loc":{"start":{"line":26,"column":11},"end":{"line":26,"column":54}},"type":"cond-expr","locations":[{"start":{"line":26,"column":23},"end":{"line":26,"column":37}},{"start":{"line":26,"column":40},"end":{"line":26,"column":54}}],"line":26},"2":{"loc":{"start":{"line":28,"column":9},"end":{"line":40,"column":9}},"type":"binary-expr","locations":[{"start":{"line":28,"column":9},"end":{"line":28,"column":19}},{"start":{"line":29,"column":10},"end":{"line":39,"column":16}}],"line":28},"3":{"loc":{"start":{"line":31,"column":14},"end":{"line":31,"column":52}},"type":"cond-expr","locations":[{"start":{"line":31,"column":37},"end":{"line":31,"column":43}},{"start":{"line":31,"column":46},"end":{"line":31,"column":52}}],"line":31}},"s":{"0":1,"1":3,"2":3,"3":3},"f":{"0":3},"b":{"0":[2,1],"1":[2,1],"2":[3,1],"3":[0,1]},"_coverageSchema":"1a1c01bbd47fc00a2c39e90264f33305004495a9","hash":"389e35255298956b668a6a6e9827f695dd5ce87f"}
,"/Users/niket/CareerFoundry/projects/MeetUp/src/EventList.js": {"path":"/Users/niket/CareerFoundry/projects/MeetUp/src/EventList.js","statementMap":{"0":{"start":{"line":6,"column":23},"end":{"line":6,"column":33}},"1":{"start":{"line":7,"column":4},"end":{"line":15,"column":6}},"2":{"start":{"line":10,"column":10},"end":{"line":12,"column":15}}},"fnMap":{"0":{"name":"(anonymous_0)","decl":{"start":{"line":5,"column":2},"end":{"line":5,"column":3}},"loc":{"start":{"line":5,"column":11},"end":{"line":16,"column":3}},"line":5},"1":{"name":"(anonymous_1)","decl":{"start":{"line":9,"column":20},"end":{"line":9,"column":21}},"loc":{"start":{"line":10,"column":10},"end":{"line":12,"column":15}},"line":10}},"branchMap":{},"s":{"0":1,"1":1,"2":2},"f":{"0":1,"1":2},"b":{},"_coverageSchema":"1a1c01bbd47fc00a2c39e90264f33305004495a9","hash":"a75a988ac47ecfcc3767a3b277eb09bd1f7b5779"}
,"/Users/niket/CareerFoundry/projects/MeetUp/src/NumberOfEvents.js": {"path":"/Users/niket/CareerFoundry/projects/MeetUp/src/NumberOfEvents.js","statementMap":{"0":{"start":{"line":7,"column":4},"end":{"line":15,"column":6}}},"fnMap":{"0":{"name":"(anonymous_0)","decl":{"start":{"line":6,"column":2},"end":{"line":6,"column":3}},"loc":{"start":{"line":6,"column":11},"end":{"line":16,"column":3}},"line":6}},"branchMap":{},"s":{"0":1},"f":{"0":1},"b":{},"_coverageSchema":"1a1c01bbd47fc00a2c39e90264f33305004495a9","hash":"7afe73cf02b4952975c9ae59bf060446cf9ff9ea"}
,"/Users/niket/CareerFoundry/projects/MeetUp/src/api.js": {"path":"/Users/niket/CareerFoundry/projects/MeetUp/src/api.js","statementMap":{"0":{"start":{"line":9,"column":33},"end":{"line":13,"column":1}},"1":{"start":{"line":10,"column":25},"end":{"line":10,"column":62}},"2":{"start":{"line":10,"column":47},"end":{"line":10,"column":61}},"3":{"start":{"line":11,"column":18},"end":{"line":11,"column":48}},"4":{"start":{"line":12,"column":2},"end":{"line":12,"column":19}}},"fnMap":{"0":{"name":"(anonymous_0)","decl":{"start":{"line":9,"column":33},"end":{"line":9,"column":34}},"loc":{"start":{"line":9,"column":45},"end":{"line":13,"column":1}},"line":9},"1":{"name":"(anonymous_1)","decl":{"start":{"line":10,"column":36},"end":{"line":10,"column":37}},"loc":{"start":{"line":10,"column":47},"end":{"line":10,"column":61}},"line":10}},"branchMap":{},"s":{"0":1,"1":2,"2":4,"3":2,"4":2},"f":{"0":2,"1":4},"b":{},"_coverageSchema":"1a1c01bbd47fc00a2c39e90264f33305004495a9","hash":"62697f24e02489c17c40b6672b1ee3baf559fdf9"}
,"/Users/niket/CareerFoundry/projects/MeetUp/src/mock-data.js": {"path":"/Users/niket/CareerFoundry/projects/MeetUp/src/mock-data.js","statementMap":{"0":{"start":{"line":1,"column":17},"end":{"line":34,"column":1}}},"fnMap":{},"branchMap":{},"s":{"0":3},"f":{},"b":{},"_coverageSchema":"1a1c01bbd47fc00a2c39e90264f33305004495a9","hash":"1dbae4e2fa212821eee7b43ac8bc709bb11bc63e"}
}
